Using pre-set license
Built from 'trunk' branch; Version is '2020.2.0a21 (3e0d5f775006) revision 4066655'; Using compiler version '192528614'; Build Type 'Release'
OS: 'Windows 10  (10.0.0) 64bit' Language: 'en' Physical Memory: 16299 MB
BatchMode: 1, IsHumanControllingUs: 0, StartBugReporterOnCrash: 0, Is64bit: 1, IsPro: 0

 COMMAND LINE ARGUMENTS:
c:\UnityHub\2020.2.0a21\Editor\Unity.exe
-adb2
-batchMode
-noUpm
-name
AssetImportWorker0
-projectPath
C:/workspace/NaiveNetworkGame/Common
-logFile
Logs/AssetImportWorker0.log
-srvPort
63680
Successfully changed project path to: C:/workspace/NaiveNetworkGame/Common
C:/workspace/NaiveNetworkGame/Common
Using Asset Import Pipeline V2.
Refreshing native plugins compatible for Editor in 87.83 ms, found 1 plugins.
Preloading 0 native plugins for Editor in 0.00 ms.
Initialize engine version: 2020.2.0a21 (3e0d5f775006)
[Subsystems] Discovering subsystems at path c:/UnityHub/2020.2.0a21/Editor/Data/Resources/UnitySubsystems
[Subsystems] Discovering subsystems at path C:/workspace/NaiveNetworkGame/Common/Assets
GfxDevice: creating device client; threaded=0
Direct3D:
    Version:  Direct3D 11.0 [level 11.1]
    Renderer: NVIDIA GeForce GTX 965M (ID=0x13d9)
    Vendor:   
    VRAM:     2010 MB
    Driver:   27.21.14.5167
Launched and connected shader compiler UnityShaderCompiler.exe after 0.09 seconds
Initialize mono
Mono path[0] = 'c:/UnityHub/2020.2.0a21/Editor/Data/Managed'
Mono path[1] = 'c:/UnityHub/2020.2.0a21/Editor/Data/MonoBleedingEdge/lib/mono/unityjit'
Mono config path = 'c:/UnityHub/2020.2.0a21/Editor/Data/MonoBleedingEdge/etc'
Using monoOptions --debugger-agent=transport=dt_socket,embedding=1,server=y,suspend=n,address=127.0.0.1:56304
Begin MonoManager ReloadAssembly
Registering precompiled unity dll's ...
Register platform support module: c:/UnityHub/2020.2.0a21/Editor/Data/PlaybackEngines/WebGLSupport/UnityEditor.WebGL.Extensions.dll
Register platform support module: c:/UnityHub/2020.2.0a21/Editor/Data/PlaybackEngines/MacStandaloneSupport/UnityEditor.OSXStandalone.Extensions.dll
Register platform support module: c:/UnityHub/2020.2.0a21/Editor/Data/PlaybackEngines/WindowsStandaloneSupport/UnityEditor.WindowsStandalone.Extensions.dll
Register platform support module: c:/UnityHub/2020.2.0a21/Editor/Data/PlaybackEngines/LinuxStandaloneSupport/UnityEditor.LinuxStandalone.Extensions.dll
Registered in 0.254632 seconds.
Native extension for LinuxStandalone target not found
Native extension for WindowsStandalone target not found
Native extension for OSXStandalone target not found
Native extension for WebGL target not found
Refreshing native plugins compatible for Editor in 53.76 ms, found 1 plugins.
Preloading 0 native plugins for Editor in 0.00 ms.
Invoked RoslynAnalysisRunner static constructor.
RoslynAnalysisRunner will not be running.
RoslynAnalysisRunner has terminated.
Mono: successfully reloaded assembly
- Completed reload, in 11.349 seconds
Registering precompiled user dll's ...
Registered in 0.266064 seconds.
Platform modules already initialized, skipping
Begin MonoManager ReloadAssembly
Symbol file LoadedFromMemory doesn't match image C:\workspace\NaiveNetworkGame\Common\Library\PackageCache\com.unity.ext.nunit@1.0.0\net35\unity-custom\nunit.framework.dll
Native extension for LinuxStandalone target not found
Native extension for WindowsStandalone target not found
Native extension for OSXStandalone target not found
Native extension for WebGL target not found
Refreshing native plugins compatible for Editor in 48.79 ms, found 1 plugins.
Preloading 0 native plugins for Editor in 0.00 ms.
Invoked RoslynAnalysisRunner static constructor.
RoslynAnalysisRunner will not be running.
RoslynAnalysisRunner has terminated.
Mono: successfully reloaded assembly
- Completed reload, in  1.517 seconds
Platform modules already initialized, skipping
========================================================================
Worker process is ready to serve import requests
Shader compiler: UnityShaderCompiler.exe compiler executable disappeared on thread 273804, restarting
Launched and connected shader compiler UnityShaderCompiler.exe after 0.06 seconds
Refreshing native plugins compatible for Editor in 0.55 ms, found 1 plugins.
Preloading 0 native plugins for Editor in 0.00 ms.
Unloading 1777 Unused Serialized files (Serialized files now loaded: 0)
System memory in use before: 84.7 MB.
System memory in use after: 84.6 MB.

Unloading 12 unused Assets to reduce memory usage. Loaded Objects now: 2236.
Total: 4.439800 ms (FindLiveObjects: 1.142700 ms CreateObjectMapping: 0.289800 ms MarkObjects: 2.821500 ms  DeleteObjects: 0.182900 ms)

========================================================================
Received Import Request.
  path: Assets/Common
  artifactKey: Guid(0967eb5d76bd95844a0bc306ca32a9cf) Importer(815301076,1909f56bfc062723c751e8b465ee728b)
Start importing Assets/Common using Guid(0967eb5d76bd95844a0bc306ca32a9cf) Importer(815301076,1909f56bfc062723c751e8b465ee728b)  -> (artifact id: 'cd2e1440a271874bf2085366e643572e') in 0.008249 seconds
  Import took 0.013431 seconds .

========================================================================
Received Prepare
Reloading mono domain
Begin MonoManager ReloadAssembly
Registering precompiled unity dll's ...
Register platform support module: c:/UnityHub/2020.2.0a21/Editor/Data/PlaybackEngines/WebGLSupport/UnityEditor.WebGL.Extensions.dll
Register platform support module: c:/UnityHub/2020.2.0a21/Editor/Data/PlaybackEngines/MacStandaloneSupport/UnityEditor.OSXStandalone.Extensions.dll
Register platform support module: c:/UnityHub/2020.2.0a21/Editor/Data/PlaybackEngines/WindowsStandaloneSupport/UnityEditor.WindowsStandalone.Extensions.dll
Register platform support module: c:/UnityHub/2020.2.0a21/Editor/Data/PlaybackEngines/LinuxStandaloneSupport/UnityEditor.LinuxStandalone.Extensions.dll
Registered in 0.003837 seconds.
Symbol file LoadedFromMemory doesn't match image C:\workspace\NaiveNetworkGame\Common\Library\PackageCache\com.unity.ext.nunit@1.0.0\net35\unity-custom\nunit.framework.dll
Native extension for LinuxStandalone target not found
Native extension for WindowsStandalone target not found
Native extension for OSXStandalone target not found
Native extension for WebGL target not found
Refreshing native plugins compatible for Editor in 57.75 ms, found 1 plugins.
Preloading 0 native plugins for Editor in 0.00 ms.
Invoked RoslynAnalysisRunner static constructor.
RoslynAnalysisRunner will not be running.
RoslynAnalysisRunner has terminated.
Mono: successfully reloaded assembly
- Completed reload, in  1.378 seconds
Registering precompiled user dll's ...
Registered in 0.147758 seconds.
Platform modules already initialized, skipping
Begin MonoManager ReloadAssembly
Symbol file LoadedFromMemory doesn't match image C:\workspace\NaiveNetworkGame\Common\Library\PackageCache\com.unity.ext.nunit@1.0.0\net35\unity-custom\nunit.framework.dll
Native extension for LinuxStandalone target not found
Native extension for WindowsStandalone target not found
Native extension for OSXStandalone target not found
Native extension for WebGL target not found
Refreshing native plugins compatible for Editor in 0.39 ms, found 1 plugins.
Preloading 0 native plugins for Editor in 0.00 ms.
Invoked RoslynAnalysisRunner static constructor.
RoslynAnalysisRunner will not be running.
RoslynAnalysisRunner has terminated.
Mono: successfully reloaded assembly
- Completed reload, in  1.162 seconds
Platform modules already initialized, skipping
Refreshing native plugins compatible for Editor in 0.67 ms, found 1 plugins.
Preloading 0 native plugins for Editor in 0.00 ms.
Unloading 13 Unused Serialized files (Serialized files now loaded: 0)
System memory in use before: 50.0 MB.
System memory in use after: 50.0 MB.

Unloading 12 unused Assets to reduce memory usage. Loaded Objects now: 2241.
Total: 2.471400 ms (FindLiveObjects: 0.496100 ms CreateObjectMapping: 0.154600 ms MarkObjects: 1.724400 ms  DeleteObjects: 0.092800 ms)

========================================================================
Received Import Request.
  Time since last request: 87.464167 seconds.
  path: Assets/Common/Common.asmdef
  artifactKey: Guid(359ec011c0ac9d44589d8df582a76cd5) Importer(815301076,1909f56bfc062723c751e8b465ee728b)
Start importing Assets/Common/Common.asmdef using Guid(359ec011c0ac9d44589d8df582a76cd5) Importer(815301076,1909f56bfc062723c751e8b465ee728b)  -> (artifact id: '42b1b97c58b0ffd39084d15cb60f0a48') in 0.056631 seconds
  Import took 0.062211 seconds .

========================================================================
Received Prepare
Reloading mono domain
Begin MonoManager ReloadAssembly
Registering precompiled unity dll's ...
Register platform support module: c:/UnityHub/2020.2.0a21/Editor/Data/PlaybackEngines/WebGLSupport/UnityEditor.WebGL.Extensions.dll
Register platform support module: c:/UnityHub/2020.2.0a21/Editor/Data/PlaybackEngines/MacStandaloneSupport/UnityEditor.OSXStandalone.Extensions.dll
Register platform support module: c:/UnityHub/2020.2.0a21/Editor/Data/PlaybackEngines/WindowsStandaloneSupport/UnityEditor.WindowsStandalone.Extensions.dll
Register platform support module: c:/UnityHub/2020.2.0a21/Editor/Data/PlaybackEngines/LinuxStandaloneSupport/UnityEditor.LinuxStandalone.Extensions.dll
Registered in 0.003182 seconds.
Symbol file LoadedFromMemory doesn't match image C:\workspace\NaiveNetworkGame\Common\Library\PackageCache\com.unity.ext.nunit@1.0.0\net35\unity-custom\nunit.framework.dll
Native extension for LinuxStandalone target not found
Native extension for WindowsStandalone target not found
Native extension for OSXStandalone target not found
Native extension for WebGL target not found
Refreshing native plugins compatible for Editor in 54.62 ms, found 1 plugins.
Preloading 0 native plugins for Editor in 0.00 ms.
Invoked RoslynAnalysisRunner static constructor.
RoslynAnalysisRunner will not be running.
RoslynAnalysisRunner has terminated.
Mono: successfully reloaded assembly
- Completed reload, in  1.200 seconds
Registering precompiled user dll's ...
Registered in 0.080056 seconds.
Platform modules already initialized, skipping
Begin MonoManager ReloadAssembly
Symbol file LoadedFromMemory doesn't match image C:\workspace\NaiveNetworkGame\Common\Library\PackageCache\com.unity.ext.nunit@1.0.0\net35\unity-custom\nunit.framework.dll
Native extension for LinuxStandalone target not found
Native extension for WindowsStandalone target not found
Native extension for OSXStandalone target not found
Native extension for WebGL target not found
Refreshing native plugins compatible for Editor in 0.34 ms, found 1 plugins.
Preloading 0 native plugins for Editor in 0.00 ms.
Invoked RoslynAnalysisRunner static constructor.
RoslynAnalysisRunner will not be running.
RoslynAnalysisRunner has terminated.
Mono: successfully reloaded assembly
- Completed reload, in  1.119 seconds
Platform modules already initialized, skipping
Refreshing native plugins compatible for Editor in 0.35 ms, found 1 plugins.
Preloading 0 native plugins for Editor in 0.00 ms.
Unloading 14 Unused Serialized files (Serialized files now loaded: 0)
System memory in use before: 50.1 MB.
System memory in use after: 50.1 MB.

Unloading 12 unused Assets to reduce memory usage. Loaded Objects now: 2247.
Total: 3.018300 ms (FindLiveObjects: 0.601500 ms CreateObjectMapping: 0.178500 ms MarkObjects: 2.130600 ms  DeleteObjects: 0.105800 ms)

========================================================================
Received Import Request.
  Time since last request: 74.638879 seconds.
  path: Assets/Common/MyCommonClass.cs
  artifactKey: Guid(37d05516e37fbc54ba6227d38193ac52) Importer(815301076,1909f56bfc062723c751e8b465ee728b)
Start importing Assets/Common/MyCommonClass.cs using Guid(37d05516e37fbc54ba6227d38193ac52) Importer(815301076,1909f56bfc062723c751e8b465ee728b)  -> (artifact id: '95e369e5994463b0909764448337adce') in 0.026731 seconds
  Import took 0.033080 seconds .

========================================================================
Received Prepare
Reloading mono domain
Begin MonoManager ReloadAssembly
Registering precompiled unity dll's ...
Register platform support module: c:/UnityHub/2020.2.0a21/Editor/Data/PlaybackEngines/WebGLSupport/UnityEditor.WebGL.Extensions.dll
Register platform support module: c:/UnityHub/2020.2.0a21/Editor/Data/PlaybackEngines/MacStandaloneSupport/UnityEditor.OSXStandalone.Extensions.dll
Register platform support module: c:/UnityHub/2020.2.0a21/Editor/Data/PlaybackEngines/WindowsStandaloneSupport/UnityEditor.WindowsStandalone.Extensions.dll
Register platform support module: c:/UnityHub/2020.2.0a21/Editor/Data/PlaybackEngines/LinuxStandaloneSupport/UnityEditor.LinuxStandalone.Extensions.dll
Registered in 0.003187 seconds.
Symbol file LoadedFromMemory doesn't match image C:\workspace\NaiveNetworkGame\Common\Library\PackageCache\com.unity.ext.nunit@1.0.0\net35\unity-custom\nunit.framework.dll
Native extension for LinuxStandalone target not found
Native extension for WindowsStandalone target not found
Native extension for OSXStandalone target not found
Native extension for WebGL target not found
Refreshing native plugins compatible for Editor in 45.09 ms, found 1 plugins.
Preloading 0 native plugins for Editor in 0.00 ms.
Invoked RoslynAnalysisRunner static constructor.
RoslynAnalysisRunner will not be running.
RoslynAnalysisRunner has terminated.
Mono: successfully reloaded assembly
- Completed reload, in  1.247 seconds
Registering precompiled user dll's ...
Registered in 0.081561 seconds.
Platform modules already initialized, skipping
Begin MonoManager ReloadAssembly
Symbol file LoadedFromMemory doesn't match image C:\workspace\NaiveNetworkGame\Common\Library\PackageCache\com.unity.ext.nunit@1.0.0\net35\unity-custom\nunit.framework.dll
Native extension for LinuxStandalone target not found
Native extension for WindowsStandalone target not found
Native extension for OSXStandalone target not found
Native extension for WebGL target not found
Refreshing native plugins compatible for Editor in 0.35 ms, found 1 plugins.
Preloading 0 native plugins for Editor in 0.00 ms.
Invoked RoslynAnalysisRunner static constructor.
RoslynAnalysisRunner will not be running.
RoslynAnalysisRunner has terminated.
Mono: successfully reloaded assembly
- Completed reload, in  1.101 seconds
Platform modules already initialized, skipping
Refreshing native plugins compatible for Editor in 0.55 ms, found 1 plugins.
Preloading 0 native plugins for Editor in 0.00 ms.
Unloading 13 Unused Serialized files (Serialized files now loaded: 0)
System memory in use before: 50.2 MB.
System memory in use after: 50.2 MB.

Unloading 12 unused Assets to reduce memory usage. Loaded Objects now: 2252.
Total: 3.833200 ms (FindLiveObjects: 0.552800 ms CreateObjectMapping: 0.105000 ms MarkObjects: 3.061900 ms  DeleteObjects: 0.111600 ms)

========================================================================
Received Import Request.
  Time since last request: 285.294445 seconds.
  path: Assets/Common/package.json
  artifactKey: Guid(98507a80e82162947a2be85ecd837496) Importer(815301076,1909f56bfc062723c751e8b465ee728b)
Start importing Assets/Common/package.json using Guid(98507a80e82162947a2be85ecd837496) Importer(815301076,1909f56bfc062723c751e8b465ee728b)  -> (artifact id: 'ee84f89f8eb56d6fdbcbf4dc0b1a8f28') in 0.020710 seconds
  Import took 0.025375 seconds .

========================================================================
Received Import Request.
  Time since last request: 1.515556 seconds.
  path: Assets/Common/MyCommonClass.cs
  artifactKey: Guid(37d05516e37fbc54ba6227d38193ac52) Importer(815301076,1909f56bfc062723c751e8b465ee728b)
Start importing Assets/Common/MyCommonClass.cs using Guid(37d05516e37fbc54ba6227d38193ac52) Importer(815301076,1909f56bfc062723c751e8b465ee728b)  -> (artifact id: '8b770f52ac2f9674c0662a594233dbbf') in 0.003137 seconds
  Import took 0.017246 seconds .

========================================================================
Received Import Request.
  Time since last request: 0.004964 seconds.
  path: Assets/Common/MyCommonClass.cs
  artifactKey: Guid(37d05516e37fbc54ba6227d38193ac52) Importer(815301076,1909f56bfc062723c751e8b465ee728b)
Start importing Assets/Common/MyCommonClass.cs using Guid(37d05516e37fbc54ba6227d38193ac52) Importer(815301076,1909f56bfc062723c751e8b465ee728b)  -> (artifact id: '8b770f52ac2f9674c0662a594233dbbf') in 0.003617 seconds
  Import took 0.009459 seconds .

========================================================================
Received Prepare
Reloading mono domain
Begin MonoManager ReloadAssembly
Registering precompiled unity dll's ...
Register platform support module: c:/UnityHub/2020.2.0a21/Editor/Data/PlaybackEngines/WebGLSupport/UnityEditor.WebGL.Extensions.dll
Register platform support module: c:/UnityHub/2020.2.0a21/Editor/Data/PlaybackEngines/MacStandaloneSupport/UnityEditor.OSXStandalone.Extensions.dll
Register platform support module: c:/UnityHub/2020.2.0a21/Editor/Data/PlaybackEngines/WindowsStandaloneSupport/UnityEditor.WindowsStandalone.Extensions.dll
Register platform support module: c:/UnityHub/2020.2.0a21/Editor/Data/PlaybackEngines/LinuxStandaloneSupport/UnityEditor.LinuxStandalone.Extensions.dll
Registered in 0.003292 seconds.
Symbol file LoadedFromMemory doesn't match image C:\workspace\NaiveNetworkGame\Common\Library\PackageCache\com.unity.ext.nunit@1.0.0\net35\unity-custom\nunit.framework.dll
Native extension for LinuxStandalone target not found
Native extension for WindowsStandalone target not found
Native extension for OSXStandalone target not found
Native extension for WebGL target not found
Refreshing native plugins compatible for Editor in 42.02 ms, found 1 plugins.
Preloading 0 native plugins for Editor in 0.00 ms.
Invoked RoslynAnalysisRunner static constructor.
RoslynAnalysisRunner will not be running.
RoslynAnalysisRunner has terminated.
Mono: successfully reloaded assembly
- Completed reload, in  1.374 seconds
Registering precompiled user dll's ...
Registered in 0.088198 seconds.
Platform modules already initialized, skipping
Begin MonoManager ReloadAssembly
Symbol file LoadedFromMemory doesn't match image C:\workspace\NaiveNetworkGame\Common\Library\PackageCache\com.unity.ext.nunit@1.0.0\net35\unity-custom\nunit.framework.dll
Native extension for LinuxStandalone target not found
Native extension for WindowsStandalone target not found
Native extension for OSXStandalone target not found
Native extension for WebGL target not found
Refreshing native plugins compatible for Editor in 0.38 ms, found 1 plugins.
Preloading 0 native plugins for Editor in 0.00 ms.
Invoked RoslynAnalysisRunner static constructor.
RoslynAnalysisRunner will not be running.
RoslynAnalysisRunner has terminated.
Mono: successfully reloaded assembly
- Completed reload, in  1.272 seconds
Platform modules already initialized, skipping
Refreshing native plugins compatible for Editor in 0.38 ms, found 1 plugins.
Preloading 0 native plugins for Editor in 0.00 ms.
Unloading 13 Unused Serialized files (Serialized files now loaded: 0)
System memory in use before: 50.3 MB.
System memory in use after: 50.3 MB.

Unloading 12 unused Assets to reduce memory usage. Loaded Objects now: 2257.
Total: 2.825700 ms (FindLiveObjects: 0.511300 ms CreateObjectMapping: 0.096700 ms MarkObjects: 2.104300 ms  DeleteObjects: 0.111800 ms)

========================================================================
Received Import Request.
  Time since last request: 192.762951 seconds.
  path: Assets/Common/MyCommonClass.cs
  artifactKey: Guid(37d05516e37fbc54ba6227d38193ac52) Importer(815301076,1909f56bfc062723c751e8b465ee728b)
Start importing Assets/Common/MyCommonClass.cs using Guid(37d05516e37fbc54ba6227d38193ac52) Importer(815301076,1909f56bfc062723c751e8b465ee728b)  -> (artifact id: '387b9e0e2cbf9cbeb6d23faa92d2c1e9') in 0.004203 seconds
  Import took 0.013286 seconds .

========================================================================
Received Import Request.
  Time since last request: 117.142142 seconds.
  path: Assets/Common/MyCommonClass.cs
  artifactKey: Guid(37d05516e37fbc54ba6227d38193ac52) Importer(815301076,1909f56bfc062723c751e8b465ee728b)
Start importing Assets/Common/MyCommonClass.cs using Guid(37d05516e37fbc54ba6227d38193ac52) Importer(815301076,1909f56bfc062723c751e8b465ee728b)  -> (artifact id: '1e4bc8b6d6c41e50f5c3a35a8eff5b58') in 0.028046 seconds
  Import took 0.045989 seconds .

